Wed Jun 01 01:44:15 2022: build-wrapper, version 6.33 (win-x86-64)
Wed Jun 01 01:44:15 2022: isWow64: 0
Wed Jun 01 01:44:15 2022: windows version: 6.2, service pack: 0.0, build number: 9200, product type: 1
Wed Jun 01 01:44:15 2022: current directory: C:\Users\mauri\source\repos\Software\Maidenful-Unit-Testing
Wed Jun 01 01:44:15 2022: cwd: <C:\Users\mauri\source\repos\Software\Maidenful-Unit-Testing>
Wed Jun 01 01:44:15 2022: out-dir absolute path: <C:\Users\mauri\source\repos\Software\Maidenful-Unit-Testing\bw-output>
Wed Jun 01 01:44:15 2022: command line received: <g++ -O0 main.cpp -o program --coverage>
Wed Jun 01 01:44:15 2022: initializing json file
Wed Jun 01 01:44:15 2022: starting debug cycle
Wed Jun 01 01:44:15 2022: process created with pid: 4296
Wed Jun 01 01:44:15 2022: image path name: <C:\msys64\mingw64\bin\g++.exe>
Wed Jun 01 01:44:15 2022: command line: <g++ -O0 main.cpp -o program --coverage>
Wed Jun 01 01:44:15 2022: working directory: <C:\Users\mauri\source\repos\Software\Maidenful-Unit-Testing\>
Wed Jun 01 01:44:15 2022: isWow64: 0
Wed Jun 01 01:44:15 2022: env0: <=C:=C:\Users\mauri\source\repos\Software\Maidenful-Unit-Testing>
Wed Jun 01 01:44:15 2022: env1: <=ExitCode=C000013A>
Wed Jun 01 01:44:15 2022: env2: <ALLUSERSPROFILE=C:\ProgramData>
Wed Jun 01 01:44:15 2022: env3: <AMDPROFILERPATH=C:\Program Files\AMD\AMDuProf\bin>
Wed Jun 01 01:44:15 2022: env4: <AMDRMPATH=C:\Program Files\AMD\RyzenMaster\>
Wed Jun 01 01:44:15 2022: env5: <APPDATA=C:\Users\mauri\AppData\Roaming>
Wed Jun 01 01:44:15 2022: env6: <CAMLIBS=C:\Program Files\darktable\lib\libgphoto2\2.5.26>
Wed Jun 01 01:44:15 2022: env7: <ChocolateyInstall=C:\ProgramData\chocolatey>
Wed Jun 01 01:44:15 2022: env8: <ChocolateyLastPathUpdate=132595683915479418>
Wed Jun 01 01:44:15 2022: env9: <CommonProgramFiles=C:\Program Files\Common Files>
Wed Jun 01 01:44:15 2022: env10: <CommonProgramFiles(x86)=C:\Program Files (x86)\Common Files>
Wed Jun 01 01:44:15 2022: env11: <CommonProgramW6432=C:\Program Files\Common Files>
Wed Jun 01 01:44:15 2022: env12: <COMPUTERNAME=DESKTOP-S5GT6SH>
Wed Jun 01 01:44:15 2022: env13: <ComSpec=C:\WINDOWS\system32\cmd.exe>
Wed Jun 01 01:44:15 2022: env14: <CYGWIN=wincmdln>
Wed Jun 01 01:44:15 2022: env15: <DriverData=C:\Windows\System32\Drivers\DriverData>
Wed Jun 01 01:44:15 2022: env16: <ERROR_CODE=0>
Wed Jun 01 01:44:15 2022: env17: <HOMEDRIVE=C:>
Wed Jun 01 01:44:15 2022: env18: <HOMEPATH=\Users\mauri>
Wed Jun 01 01:44:15 2022: env19: <INTEL_DEV_REDIST=C:\Program Files (x86)\Common Files\Intel\Shared Libraries\>
Wed Jun 01 01:44:15 2022: env20: <IOLIBS=C:\Program Files\darktable\lib\libgphoto2_port\0.12.0>
Wed Jun 01 01:44:15 2022: env21: <JAVA_HOME=C:\Users\mauri\.jdks\openjdk-18>
Wed Jun 01 01:44:15 2022: env22: <LOCALAPPDATA=C:\Users\mauri\AppData\Local>
Wed Jun 01 01:44:15 2022: env23: <LOGONSERVER=\\DESKTOP-S5GT6SH>
Wed Jun 01 01:44:15 2022: env24: <MAGICK_HOME=C:\Program Files\darktable\lib\GraphicsMagick-1.3.36\modules-Q8\coders>
Wed Jun 01 01:44:15 2022: env25: <MIC_LD_LIBRARY_PATH=C:\Program Files (x86)\Common Files\Intel\Shared Libraries\compiler\lib\mic>
Wed Jun 01 01:44:15 2022: env26: <NUMBER_OF_PROCESSORS=6>
Wed Jun 01 01:44:15 2022: env27: <NVM_HOME=C:\Users\mauri\AppData\Roaming\nvm>
Wed Jun 01 01:44:15 2022: env28: <NVM_SYMLINK=C:\Program Files\nodejs>
Wed Jun 01 01:44:15 2022: env29: <OneDrive=C:\Users\mauri\OneDrive>
Wed Jun 01 01:44:15 2022: env30: <OneDriveConsumer=C:\Users\mauri\OneDrive>
Wed Jun 01 01:44:15 2022: env31: <OnlineServices=Online Services>
Wed Jun 01 01:44:15 2022: env32: <OS=Windows_NT>
Wed Jun 01 01:44:15 2022: env33: <Path=C:\Users\mauri\AppData\Local\Programs\Python\Python39\Scripts\;C:\Users\mauri\AppData\Local\Programs\Python\Python39\;C:\Program Files (x86)\Common Files\Oracle\Java\javapath;C:\Program Files (x86)\Common Files\Intel\Shared Libraries\redist\intel64\compiler;C:\WINDOWS\system32;C:\WINDOWS;C:\WINDOWS\System32\Wbem;C:\WINDOWS\System32\WindowsPowerShell\v1.0\;C:\WINDOWS\System32\OpenSSH\;C:\Program Files\Git\cmd;C:\Program Files\AMD\AMDuProf\bin;C:\Program Files (x86)\NoteBook FanControl\;C:\ProgramData\chocolatey\bin;C:\Program Files\Docker\Docker\resources\bin;C:\ProgramData\DockerDesktop\version-bin;C:\Program Files\CMake\bin;C:\Program Files (x86)\ADB and Fastboot++;C:\Program Files\dotnet\;C:\Users\mauri\Documents\Sonar\build-wrapper-win-x86\;C:\Users\mauri\Documents\Sonar\sonar-scanner-4.7.0.2747-windows\bin;C:\Users\mauri\AppData\Roaming\nvm;C:\Program Files\nodejs;C:\Users\mauri\AppData\Local\Microsoft\WindowsApps;C:\Users\mauri\AppData\Local\Programs\Microsoft VS Code\bin;C:\Users\mauri\AppData\Local\GitHubDesktop\bin;C:\Users\mauri\AppData\Local\Microsoft\WindowsApps;C:\Modeltech_pe_edu_10.4a\win32pe_edu;C:\Program Files\PostgreSQL\12\bin;C:\Program Files\gnuplot\bin;C:\msys64\mingw64\bin;C:\Users\mauri\.local\bin;C:\ffmpeg\bin;C:\Program Files\boost\boost_1_77_0;C:\Program Files\JetBrains\IntelliJ IDEA Community Edition 2021.3.3\plugins\maven\lib\maven3\bin;C:\Users\mauri\AppData\Roaming\npm>
Wed Jun 01 01:44:15 2022: env34: <PATHEXT=.COM;.EXE;.BAT;.CMD;.VBS;.VBE;.JS;.JSE;.WSF;.WSH;.MSC;.PY;.PYW>
Wed Jun 01 01:44:15 2022: env35: <platformcode=KV>
Wed Jun 01 01:44:15 2022: env36: <PROCESSOR_ARCHITECTURE=AMD64>
Wed Jun 01 01:44:15 2022: env37: <PROCESSOR_IDENTIFIER=AMD64 Family 23 Model 17 Stepping 0, AuthenticAMD>
Wed Jun 01 01:44:15 2022: env38: <PROCESSOR_LEVEL=23>
Wed Jun 01 01:44:15 2022: env39: <PROCESSOR_REVISION=1100>
Wed Jun 01 01:44:15 2022: env40: <ProgramData=C:\ProgramData>
Wed Jun 01 01:44:15 2022: env41: <ProgramFiles=C:\Program Files>
Wed Jun 01 01:44:15 2022: env42: <ProgramFiles(x86)=C:\Program Files (x86)>
Wed Jun 01 01:44:15 2022: env43: <ProgramW6432=C:\Program Files>
Wed Jun 01 01:44:15 2022: env44: <PROMPT=$P$G>
Wed Jun 01 01:44:15 2022: env45: <PSModulePath=%ProgramFiles%\WindowsPowerShell\Modules;C:\WINDOWS\system32\WindowsPowerShell\v1.0\Modules>
Wed Jun 01 01:44:15 2022: env46: <PUBLIC=C:\Users\Public>
Wed Jun 01 01:44:15 2022: env47: <RegionCode=NA>
Wed Jun 01 01:44:15 2022: env48: <SONAR_TOKEN=f106fec3ad460a86da9437d09ca8917588652184>
Wed Jun 01 01:44:15 2022: env49: <SystemDrive=C:>
Wed Jun 01 01:44:15 2022: env50: <SystemRoot=C:\WINDOWS>
Wed Jun 01 01:44:15 2022: env51: <TEMP=C:\Users\mauri\AppData\Local\Temp>
Wed Jun 01 01:44:15 2022: env52: <TMP=C:\Users\mauri\AppData\Local\Temp>
Wed Jun 01 01:44:15 2022: env53: <USERDOMAIN=DESKTOP-S5GT6SH>
Wed Jun 01 01:44:15 2022: env54: <USERDOMAIN_ROAMINGPROFILE=DESKTOP-S5GT6SH>
Wed Jun 01 01:44:15 2022: env55: <USERNAME=mauri>
Wed Jun 01 01:44:15 2022: env56: <USERPROFILE=C:\Users\mauri>
Wed Jun 01 01:44:15 2022: env57: <VBOX_MSI_INSTALL_PATH=C:\Program Files\Oracle\VirtualBox\>
Wed Jun 01 01:44:15 2022: env58: <windir=C:\WINDOWS>
Wed Jun 01 01:44:15 2022: env59: <WSLENV=WT_SESSION::WT_PROFILE_ID>
Wed Jun 01 01:44:15 2022: env60: <WT_PROFILE_ID={0caa0dad-35be-5f56-a8ff-afceeeaa6101}>
Wed Jun 01 01:44:15 2022: env61: <WT_SESSION=00ffc0f4-992a-453e-9dd4-e55b2fd58a0b>
Wed Jun 01 01:44:15 2022: env62: <_NO_DEBUG_HEAP=1>
Wed Jun 01 01:44:15 2022: process created with pid: 11920
Wed Jun 01 01:44:15 2022: image path name: <C:\msys64\mingw64\bin\..\lib\gcc\x86_64-w64-mingw32\10.1.0\cc1plus.exe>
Wed Jun 01 01:44:15 2022: command line: <C:/msys64/mingw64/bin/../lib/gcc/x86_64-w64-mingw32/10.1.0/cc1plus.exe -quiet -iprefix C:/msys64/mingw64/bin/../lib/gcc/x86_64-w64-mingw32/10.1.0/ -D_REENTRANT main.cpp -quiet -dumpbase main.cpp -mtune=generic -march=x86-64 -auxbase main -O0 -fprofile-arcs -ftest-coverage -o C:\Users\mauri\AppData\Local\Temp\ccTL9IrL.s>
Wed Jun 01 01:44:15 2022: working directory: <C:\Users\mauri\source\repos\Software\Maidenful-Unit-Testing\>
Wed Jun 01 01:44:15 2022: isWow64: 0
Wed Jun 01 01:44:15 2022: skipping process C:\msys64\mingw64\bin\..\lib\gcc\x86_64-w64-mingw32\10.1.0\cc1plus.exe with pid: 11920
Wed Jun 01 01:44:16 2022: process with pid 11920 exit with code: 0 (0x0)
Wed Jun 01 01:44:16 2022: process created with pid: 19632
Wed Jun 01 01:44:16 2022: image path name: <C:\msys64\mingw64\bin\..\lib\gcc\x86_64-w64-mingw32\10.1.0\..\..\..\..\x86_64-w64-mingw32\bin\as.exe>
Wed Jun 01 01:44:16 2022: command line: <C:/msys64/mingw64/bin/../lib/gcc/x86_64-w64-mingw32/10.1.0/../../../../x86_64-w64-mingw32/bin/as.exe -o C:\Users\mauri\AppData\Local\Temp\cc9J6eUV.o C:\Users\mauri\AppData\Local\Temp\ccTL9IrL.s>
Wed Jun 01 01:44:16 2022: working directory: <C:\Users\mauri\source\repos\Software\Maidenful-Unit-Testing\>
Wed Jun 01 01:44:16 2022: isWow64: 0
Wed Jun 01 01:44:16 2022: skipping process C:\msys64\mingw64\bin\..\lib\gcc\x86_64-w64-mingw32\10.1.0\..\..\..\..\x86_64-w64-mingw32\bin\as.exe with pid: 19632
Wed Jun 01 01:44:16 2022: process with pid 19632 exit with code: 0 (0x0)
Wed Jun 01 01:44:16 2022: process created with pid: 22264
Wed Jun 01 01:44:16 2022: image path name: <C:\msys64\mingw64\bin\..\lib\gcc\x86_64-w64-mingw32\10.1.0\collect2.exe>
Wed Jun 01 01:44:16 2022: command line: <C:/msys64/mingw64/bin/../lib/gcc/x86_64-w64-mingw32/10.1.0/collect2.exe -plugin C:/msys64/mingw64/bin/../lib/gcc/x86_64-w64-mingw32/10.1.0/liblto_plugin-0.dll -plugin-opt=C:/msys64/mingw64/bin/../lib/gcc/x86_64-w64-mingw32/10.1.0/lto-wrapper.exe -plugin-opt=-fresolution=C:\Users\mauri\AppData\Local\Temp\ccvR4b99.res -plugin-opt=-pass-through=-lmingw32 -plugin-opt=-pass-through=-lgcc_s -plugin-opt=-pass-through=-lgcc -plugin-opt=-pass-through=-lmoldname -plugin-opt=-pass-through=-lmingwex -plugin-opt=-pass-through=-lmsvcrt -plugin-opt=-pass-through=-lpthread -plugin-opt=-pass-through=-ladvapi32 -plugin-opt=-pass-through=-lshell32 -plugin-opt=-pass-through=-luser32 -plugin-opt=-pass-through=-lkernel32 -plugin-opt=-pass-through=-lmingw32 -plugin-opt=-pass-through=-lgcc_s -plugin-opt=-pass-through=-lgcc -plugin-opt=-pass-through=-lmoldname -plugin-opt=-pass-through=-lmingwex -plugin-opt=-pass-through=-lmsvcrt -m i386pep -Bdynamic -o program.exe C:/msys64/mingw64/bin/../lib/gcc/x86_64-w64-mingw32/10.1.0/../../../../x86_64-w64-mingw32/lib/../lib/crt2.o C:/msys64/mingw64/bin/../lib/gcc/x86_64-w64-mingw32/10.1.0/crtbegin.o -LC:/msys64/mingw64/bin/../lib/gcc/x86_64-w64-mingw32/10.1.0 -LC:/msys64/mingw64/bin/../lib/gcc -LC:/msys64/mingw64/bin/../lib/gcc/x86_64-w64-mingw32/10.1.0/../../../../x86_64-w64-mingw32/lib/../lib -LC:/msys64/mingw64/bin/../lib/gcc/x86_64-w64-mingw32/10.1.0/../../../../lib -LC:/msys64/mingw64/bin/../lib/gcc/x86_64-w64-mingw32/10.1.0/../../../../x86_64-w64-mingw32/lib -LC:/msys64/mingw64/bin/../lib/gcc/x86_64-w64-mingw32/10.1.0/../../.. C:\Users\mauri\AppData\Local\Temp\cc9J6eUV.o -lstdc++ -lgcov -lmingw32 -lgcc_s -lgcc -lmoldname -lmingwex -lmsvcrt -lpthread -ladvapi32 -lshell32 -luser32 -lkernel32 -lmingw32 -lgcc_s -lgcc -lmoldname -lmingwex -lmsvcrt C:/msys64/mingw64/bin/../lib/gcc/x86_64-w64-mingw32/10.1.0/../../../../x86_64-w64-mingw32/lib/../lib/default-manifest.o C:/msys64/mingw64/bin/../lib/gcc/x86_64-w64-mingw32/10.1.0/crtend.o>
Wed Jun 01 01:44:16 2022: working directory: <C:\Users\mauri\source\repos\Software\Maidenful-Unit-Testing\>
Wed Jun 01 01:44:16 2022: isWow64: 0
Wed Jun 01 01:44:16 2022: skipping process C:\msys64\mingw64\bin\..\lib\gcc\x86_64-w64-mingw32\10.1.0\collect2.exe with pid: 22264
Wed Jun 01 01:44:16 2022: process created with pid: 25080
Wed Jun 01 01:44:16 2022: image path name: <C:\msys64\mingw64\bin\..\lib\gcc\x86_64-w64-mingw32\10.1.0\..\..\..\..\x86_64-w64-mingw32\bin\ld.exe>
Wed Jun 01 01:44:16 2022: command line: <C:/msys64/mingw64/bin/../lib/gcc/x86_64-w64-mingw32/10.1.0/../../../../x86_64-w64-mingw32/bin/ld.exe -plugin C:/msys64/mingw64/bin/../lib/gcc/x86_64-w64-mingw32/10.1.0/liblto_plugin-0.dll -plugin-opt=C:/msys64/mingw64/bin/../lib/gcc/x86_64-w64-mingw32/10.1.0/lto-wrapper.exe -plugin-opt=-fresolution=C:\Users\mauri\AppData\Local\Temp\ccvR4b99.res -plugin-opt=-pass-through=-lmingw32 -plugin-opt=-pass-through=-lgcc_s -plugin-opt=-pass-through=-lgcc -plugin-opt=-pass-through=-lmoldname -plugin-opt=-pass-through=-lmingwex -plugin-opt=-pass-through=-lmsvcrt -plugin-opt=-pass-through=-lpthread -plugin-opt=-pass-through=-ladvapi32 -plugin-opt=-pass-through=-lshell32 -plugin-opt=-pass-through=-luser32 -plugin-opt=-pass-through=-lkernel32 -plugin-opt=-pass-through=-lmingw32 -plugin-opt=-pass-through=-lgcc_s -plugin-opt=-pass-through=-lgcc -plugin-opt=-pass-through=-lmoldname -plugin-opt=-pass-through=-lmingwex -plugin-opt=-pass-through=-lmsvcrt -m i386pep -Bdynamic -o program.exe C:/msys64/mingw64/bin/../lib/gcc/x86_64-w64-mingw32/10.1.0/../../../../x86_64-w64-mingw32/lib/../lib/crt2.o C:/msys64/mingw64/bin/../lib/gcc/x86_64-w64-mingw32/10.1.0/crtbegin.o -LC:/msys64/mingw64/bin/../lib/gcc/x86_64-w64-mingw32/10.1.0 -LC:/msys64/mingw64/bin/../lib/gcc -LC:/msys64/mingw64/bin/../lib/gcc/x86_64-w64-mingw32/10.1.0/../../../../x86_64-w64-mingw32/lib/../lib -LC:/msys64/mingw64/bin/../lib/gcc/x86_64-w64-mingw32/10.1.0/../../../../lib -LC:/msys64/mingw64/bin/../lib/gcc/x86_64-w64-mingw32/10.1.0/../../../../x86_64-w64-mingw32/lib -LC:/msys64/mingw64/bin/../lib/gcc/x86_64-w64-mingw32/10.1.0/../../.. C:\Users\mauri\AppData\Local\Temp\cc9J6eUV.o -lstdc++ -lgcov -lmingw32 -lgcc_s -lgcc -lmoldname -lmingwex -lmsvcrt -lpthread -ladvapi32 -lshell32 -luser32 -lkernel32 -lmingw32 -lgcc_s -lgcc -lmoldname -lmingwex -lmsvcrt C:/msys64/mingw64/bin/../lib/gcc/x86_64-w64-mingw32/10.1.0/../../../../x86_64-w64-mingw32/lib/../lib/default-manifest.o C:/msys64/mingw64/bin/../lib/gcc/x86_64-w64-mingw32/10.1.0/crtend.o>
Wed Jun 01 01:44:16 2022: working directory: <C:\Users\mauri\source\repos\Software\Maidenful-Unit-Testing\>
Wed Jun 01 01:44:16 2022: isWow64: 0
Wed Jun 01 01:44:16 2022: skipping process C:\msys64\mingw64\bin\..\lib\gcc\x86_64-w64-mingw32\10.1.0\..\..\..\..\x86_64-w64-mingw32\bin\ld.exe with pid: 25080
Wed Jun 01 01:44:16 2022: process with pid 25080 exit with code: 0 (0x0)
Wed Jun 01 01:44:16 2022: process with pid 22264 exit with code: 0 (0x0)
Wed Jun 01 01:44:16 2022: process with pid 4296 exit with code: 0 (0x0)
Wed Jun 01 01:44:16 2022: finalizing json file
